Listening to port 4567
Connected!!!
42["telemetry",{"ptsx":[-32.16173,-43.49173,-61.09,-78.29172,-93.05002,-107.7717],"ptsy":[113.361,105.941,92.88499,78.73102,65.34102,50.57938],"psi_unity":4.12033,"psi":3.733651,"x":-40.62,"y":108.73,"steering_angle":0,"throttle":0,"speed":0}]
Checkpoint #1

******************************************************************************
This program contains Ipopt, a library for large-scale nonlinear optimization.
 Ipopt is released as open source code under the Eclipse Public License (EPL).
         For more information visit http://projects.coin-or.org/Ipopt
******************************************************************************

Cost 318323
Printing first mpc.Solve values: 
vars[0] = -40.62
vars[1] = 108.73
vars[2] = 3.73365
vars[3] = 0.05
vars[4] = -105.777
vars[5] = 3.8457
vars[6] = 0
vars[7] = 1
steer_value: -0
throttle_value: 1
Green line x y coordinates: 
Cost 50379.2
(-9.60304,0.877534)
Cost 50373.1
(3.9394,0.711668)
Cost 50362.3
(25.8285,1.72439)
Cost 50352.8
(48.0013,3.8695)
Cost 50345.1
(67.7202,6.74427)
Yellow line x y coordinates: 
(-9.60304,0.877534)
(3.9394,0.711668)
(25.8285,1.72439)
(48.0013,3.8695)
(67.7202,6.74427)
(88.1742,10.7777)
42["steer",{"mpc_x":[0.0,0.0,0.0,0.0,0.0,0.0,-9.60304259089076,3.93940137227534,25.8285057832489,48.0012942525802,67.7201992157065],"mpc_y":[0.0,0.0,0.0,0.0,0.0,0.0,0.877533697608325,0.71166777432672,1.724392909049,3.8695011146151,6.7442717046266],"next_x":[-9.60304259089076,3.93940137227534,25.8285057832489,48.0012942525802,67.7201992157065,88.1741885507836],"next_y":[0.877533697608325,0.71166777432672,1.724392909049,3.8695011146151,6.7442717046266,10.7776571055713],"steering_angle":-0.0,"throttle":1.0}]
2
42["telemetry",{"ptsx":[-32.16173,-43.49173,-61.09,-78.29172,-93.05002,-107.7717],"ptsy":[113.361,105.941,92.88499,78.73102,65.34102,50.57938],"psi_unity":4.120331,"psi":3.733651,"x":-40.62,"y":108.73,"steering_angle":0,"throttle":0,"speed":1.752026}]
Checkpoint #1
Cost 311914
Printing first mpc.Solve values: 
vars[0] = -40.6927
vars[1] = 108.681
vars[2] = 3.73365
vars[3] = 1.80203
vars[4] = -105.834
vars[5] = 3.8457
vars[6] = 0
vars[7] = 1
steer_value: -0
throttle_value: 1
Green line x y coordinates: 
Cost 47018.3
(-9.67573,0.828646)
Cost 47012.9
(3.86671,0.66278)
Cost 46997.7
(25.7558,1.67551)
Cost 46986.8
(47.9286,3.82061)
Cost 46978.7
(67.6475,6.69538)
Yellow line x y coordinates: 
(-9.60304,0.877534)
(3.9394,0.711668)
(25.8285,1.72439)
(48.0013,3.8695)
(67.7202,6.74427)
(88.1742,10.7777)
42["steer",{"mpc_x":[0.0,0.0,0.0,0.0,0.0,0.0,-9.67573360089048,3.86671036227562,25.7558147732492,47.9286032425805,67.6475082057068],"mpc_y":[0.0,0.0,0.0,0.0,0.0,0.0,0.828646021994632,0.662780098713027,1.67550523343531,3.8206134390014,6.69538402901291],"next_x":[-9.60304259089076,3.93940137227534,25.8285057832489,48.0012942525802,67.7201992157065,88.1741885507836],"next_y":[0.877533697608325,0.71166777432672,1.724392909049,3.8695011146151,6.7442717046266,10.7776571055713],"steering_angle":-0.0,"throttle":1.0}]
42["telemetry",{"ptsx":[-32.16173,-43.49173,-61.09,-78.29172,-93.05002,-107.7717],"ptsy":[113.361,105.941,92.88499,78.73102,65.34102,50.57938],"psi_unity":4.120095,"psi":3.733886,"x":-40.68184,"y":108.6885,"steering_angle":0,"throttle":1,"speed":2.068091}]
Checkpoint #1
Cost 310512
Printing first mpc.Solve values: 
vars[0] = -40.7676
vars[1] = 108.631
vars[2] = 3.73389
vars[3] = 2.11809
vars[4] = -105.794
vars[5] = 3.84613
vars[6] = 0
vars[7] = 1
steer_value: -0
throttle_value: 1
Green line x y coordinates: 
Cost 46420.1
(-9.7631,0.822155)
Cost 46414.6
(3.7793,0.653107)
Cost 46398.2
(25.6686,1.66069)
Cost 46386.8
(47.8419,3.80059)
Cost 46378.5
(67.5615,6.67072)
Yellow line x y coordinates: 
(-9.67731,0.879883)
(3.86509,0.710834)
(25.7544,1.71842)
(47.9277,3.85831)
(67.6473,6.72845)
(88.1022,10.757)
42["steer",{"mpc_x":[0.0,0.0,0.0,0.0,0.0,0.0,-9.76310132827612,3.77930328245764,25.6686450794228,47.8419370369317,67.5615170266521],"mpc_y":[0.0,0.0,0.0,0.0,0.0,0.0,0.822155350327314,0.653106957323631,1.66068812459281,3.80058566568477,6.67072223369299],"next_x":[-9.67731044393281,3.86509416680095,25.7544359637661,47.927727921275,67.6473079109954,88.1022445268472],"next_y":[0.879882511389462,0.710834118385779,1.71841528565496,3.85831282674692,6.72844939475514,10.7570279968785],"steering_angle":-0.0,"throttle":1.0}]
42["telemetry",{"ptsx":[-32.16173,-43.49173,-61.09,-78.29172,-93.05002,-107.7717],"ptsy":[113.361,105.941,92.88499,78.73102,65.34102,50.57938],"psi_unity":4.120378,"psi":3.733604,"x":-40.96999,"y":108.4947,"steering_angle":0,"throttle":1,"speed":3.236528}]
Checkpoint #1
Cost 305437
Printing first mpc.Solve values: 
vars[0] = -41.1043
vars[1] = 108.404
vars[2] = 3.7336
vars[3] = 3.28653
vars[4] = -105.656
vars[5] = 3.8454
vars[6] = 0
vars[7] = 1
steer_value: -0
throttle_value: 1
Green line x y coordinates: 
Cost 44258.6
(-10.1591,0.786827)
Cost 44252.3
(3.38335,0.621597)
Cost 44230.9
(25.2724,1.63535)
Cost 44216.9
(47.4451,3.7815)
Cost 44206.9
(67.1639,6.6572)
Yellow line x y coordinates: 
(-10.0248,0.877131)
(3.51763,0.711902)
(25.4067,1.72566)
(47.5794,3.87181)
(67.2981,6.7475)
(87.7519,10.7818)
42["steer",{"mpc_x":[0.0,0.0,0.0,0.0,0.0,0.0,-10.1591040339145,3.38334770999241,25.2724044987081,47.445092123464,67.163861950593],"mpc_y":[0.0,0.0,0.0,0.0,0.0,0.0,0.78682687665834,0.621597448425968,1.63535136993663,3.78150169419113,6.65719906956038],"next_x":[-10.0248172564408,3.51763448746608,25.4066912761818,47.5793789009377,67.2981487280667,87.7519484714386],"next_y":[0.8771310578057,0.711901629573328,1.72565555108399,3.87180587533849,6.74750325070774,10.7818499846959],"steering_angle":-0.0,"throttle":1.0}]
42["telemetry",{"ptsx":[-32.16173,-43.49173,-61.09,-78.29172,-93.05002,-107.7717],"ptsy":[113.361,105.941,92.88499,78.73102,65.34102,50.57938],"psi_unity":4.120411,"psi":3.73357,"x":-41.6749,"y":108.0207,"steering_angle":0,"throttle":1,"speed":6.845294}]
Checkpoint #1
Cost 290723
Printing first mpc.Solve values: 
vars[0] = -41.9589
vars[1] = 107.83
vars[2] = 3.73357
vars[3] = 6.89529
vars[4] = -105.317
vars[5] = 3.84491
vars[6] = 0
vars[7] = 1
steer_value: -0
throttle_value: 1
Green line x y coordinates: 
Cost 38089.4
(-11.1583,0.685804)
Cost 38074.6
(2.38413,0.521035)
Cost 38029.4
(24.2732,1.53553)
Cost 37999.9
(46.4458,3.68244)
Cost 37979.3
(66.1644,6.5588)
Yellow line x y coordinates: 
(-10.8743,0.876788)
(2.66816,0.712019)
(24.5572,1.72652)
(46.7298,3.87342)
(66.4485,6.74979)
(86.9021,10.7848)
42["steer",{"mpc_x":[0.0,0.0,0.0,0.0,0.0,0.0,-11.1583268309893,2.38413052289055,24.2731528313211,46.4457674741501,66.164439516171],"mpc_y":[0.0,0.0,0.0,0.0,0.0,0.0,0.685803719767286,0.521034734989626,1.53553288384502,3.68243707823814,6.55880489011924],"next_x":[-10.8743022562032,2.66815509767666,24.5571774061072,46.7297920489362,66.4484640909571,86.9021266547177],"next_y":[0.876788446338968,0.712019461561308,1.7265176104167,3.87342180480983,6.74978961669092,10.7848317775384],"steering_angle":-0.0,"throttle":1.0}]
42["telemetry",{"ptsx":[-32.16173,-43.49173,-61.09,-78.29172,-93.05002,-107.7717],"ptsy":[113.361,105.941,92.88499,78.73102,65.34102,50.57938],"psi_unity":4.120428,"psi":3.733554,"x":-42.9577,"y":107.1582,"steering_angle":0,"throttle":1,"speed":11.10264}]
Checkpoint #1
Cost 272893
Printing first mpc.Solve values: 
vars[0] = -43.4184
vars[1] = 106.848
vars[2] = 3.73355
vars[3] = 11.1526
vars[4] = -104.621
vars[5] = 3.84411
vars[6] = 0
vars[7] = 1
steer_value: -0
throttle_value: 1
Green line x y coordinates: 
Cost 31700.8
(-12.8808,0.566902)
Cost 31664.6
(0.661674,0.40235)
Cost 31574.5
(22.5507,1.4172)
Cost 31512.2
(44.7233,3.56446)
Cost 31467.9
(64.4419,6.44114)
Yellow line x y coordinates: 
(-12.4201,0.87666)
(1.12235,0.712108)
(23.0114,1.72696)
(45.1839,3.87421)
(64.9026,6.7509)
(85.3562,10.7863)
42["steer",{"mpc_x":[0.0,0.0,0.0,0.0,0.0,0.0,-12.8807863578977,0.66167363055252,22.5506797042109,44.7232599937347,64.4418860113466],"mpc_y":[0.0,0.0,0.0,0.0,0.0,0.0,0.566901933361071,0.402349627922153,1.41719800100461,3.5644569569572,6.44114026722278],"next_x":[-12.4201112529929,1.12234873545733,23.0113548091157,45.1839350986395,64.9025611162514,85.3561591167194],"next_y":[0.876659879417256,0.712107573978338,1.72695594706079,3.87421490301339,6.75089821327897,10.786267632211],"steering_angle":-0.0,"throttle":1.0}]
42["telemetry",{"ptsx":[-43.49173,-61.09,-78.29172,-93.05002,-107.7717,-123.3917],"ptsy":[105.941,92.88499,78.73102,65.34102,50.57938,33.37102],"psi_unity":4.120232,"psi":3.73375,"x":-45.05394,"y":105.7489,"steering_angle":0,"throttle":1,"speed":15.59077}]
Checkpoint #1
Cost 258216
Printing first mpc.Solve values: 
vars[0] = -45.7008
vars[1] = 105.314
vars[2] = 3.73375
vars[3] = 15.6408
vars[4] = -104.226
vars[5] = 3.81245
vars[6] = 0
vars[7] = 1
steer_value: -0
throttle_value: 1
Green line x y coordinates: 
Cost 26050.3
(-2.05026,0.277457)
Cost 25930.4
(19.8389,1.28802)
Cost 25821.2
(42.0119,3.43093)
Cost 25732.7
(61.7311,6.30375)
Cost 25637.2
(82.1855,10.3351)
Yellow line x y coordinates: 
(-1.40345,0.712558)
(20.4858,1.72312)
(42.6588,3.86603)
(62.3779,6.73885)
(82.8323,10.7702)
(105.398,16.3303)
42["steer",{"mpc_x":[0.0,0.0,0.0,0.0,0.0,0.0,-2.05025991491499,19.8389446485792,42.0119453749648,61.7311348437465,82.1855233837428],"mpc_y":[0.0,0.0,0.0,0.0,0.0,0.0,0.277457177347534,1.28801528577381,3.43092837477293,6.30374677910846,10.3351072153467],"next_x":[-1.40344682254898,20.4857577409452,42.6587584673308,62.3779479361125,82.8323364761088,105.397738216978],"next_y":[0.712558425939362,1.72311653436564,3.86602962336476,6.73884802770029,10.7702084639385,16.3303072187058],"steering_angle":-0.0,"throttle":1.0}]
42["telemetry",{"ptsx":[-43.49173,-61.09,-78.29172,-93.05002,-107.7717,-123.3917],"ptsy":[105.941,92.88499,78.73102,65.34102,50.57938,33.37102],"psi_unity":4.119699,"psi":3.734282,"x":-47.84125,"y":103.872,"steering_angle":0,"throttle":1,"speed":19.94587}]
Checkpoint #1
Cost 237852
Printing first mpc.Solve values: 
vars[0] = -48.6684
vars[1] = 103.315
vars[2] = 3.73428
vars[3] = 19.9959
vars[4] = -102.505
vars[5] = 3.81224
vars[6] = 0
vars[7] = 1
steer_value: -0
throttle_value: 1
Green line x y coordinates: 
Cost 21433.7
(-5.5906,0.156418)
Cost 21245.1
(16.2991,1.15533)
Cost 21072.2
(38.4733,3.28645)
Cost 20931.5
(58.194,6.14878)
Cost 20783.2
(78.6505,10.1693)
Yellow line x y coordinates: 
(-4.7634,0.7135)
(17.1263,1.71241)
(39.3005,3.84353)
(59.0212,6.70586)
(79.4777,10.7263)
(102.046,16.2744)
42["steer",{"mpc_x":[0.0,0.0,0.0,0.0,0.0,0.0,-5.59059898333121,16.2991400994662,38.4732777178158,58.1939927354147,78.6505230645205],"mpc_y":[0.0,0.0,0.0,0.0,0.0,0.0,0.156418273598252,1.15533118273996,3.28644793266116,6.14877532215589,10.1692534537182],"next_x":[-4.76340243809567,17.1263366447018,39.3004742630513,59.0211892806502,79.4777196097561,102.046076129748],"next_y":[0.713500135349862,1.71241304449157,3.84352979441277,6.7058571839075,10.7263353154699,16.2744284902567],"steering_angle":-0.0,"throttle":1.0}]
42["telemetry",{"ptsx":[-43.49173,-61.09,-78.29172,-93.05002,-107.7717,-123.3917],"ptsy":[105.941,92.88499,78.73102,65.34102,50.57938,33.37102],"psi_unity":4.118941,"psi":3.735041,"x":-51.64568,"y":101.3007,"steering_angle":0,"throttle":1,"speed":24.4763}]
Checkpoint #1
Cost 215446
Printing first mpc.Solve values: 
vars[0] = -52.6602
vars[1] = 100.616
vars[2] = 3.73504
vars[3] = 24.5263
vars[4] = -100.103
vars[5] = 3.81202
vars[6] = 0
vars[7] = 1
steer_value: -0
throttle_value: 1
Green line x y coordinates: 
Cost 17658.7
(-10.3693,0.0286029)
Cost 17380.2
(11.5212,1.0109)
Cost 17123.8
(33.6969,3.12519)
Cost 16914.5
(53.4198,5.97255)
Cost 16697.1
(73.8794,9.9775)
Yellow line x y coordinates: 
(-9.35473,0.712988)
(12.5358,1.69529)
(34.7115,3.80957)
(54.4344,6.65693)
(74.894,10.6619)
(97.4665,16.1928)
42["steer",{"mpc_x":[0.0,0.0,0.0,0.0,0.0,0.0,-10.3692915029985,11.5211994494931,33.6969481982512,53.4198300417657,73.8794060211715],"mpc_y":[0.0,0.0,0.0,0.0,0.0,0.0,0.0286028522650493,1.01090116331076,3.12518713054765,5.97254567431497,9.97749614278782],"next_x":[-9.3547277976066,12.535763154885,34.7115119036431,54.4343937471576,74.8939697265634,97.4665307482708],"next_y":[0.712988446741177,1.69528675778688,3.80957272502378,6.6569312687911,10.661881737264,16.1928439330213],"steering_angle":-0.0,"throttle":1.0}]
42["telemetry",{"ptsx":[-43.49173,-61.09,-78.29172,-93.05002,-107.7717,-123.3917],"ptsy":[105.941,92.88499,78.73102,65.34102,50.57938,33.37102],"psi_unity":4.118931,"psi":3.73505,"x":-55.14828,"y":98.93132,"steering_angle":0,"throttle":1,"speed":27.86719}]
Checkpoint #1
Cost 198164
Printing first mpc.Solve values: 
vars[0] = -56.3034
vars[1] = 98.1521
vars[2] = 3.73505
vars[3] = 27.9172
vars[4] = -97.898
vars[5] = 3.81042
vars[6] = 0
vars[7] = 1
steer_value: -0
throttle_value: 1
Green line x y coordinates: 
Cost 15519.2
(-14.7386,-0.0716205)
Cost 15161.8
(7.15194,0.910481)
Cost 14831.5
(29.3277,3.02457)
Cost 14561.5
(49.0506,5.87175)
Cost 14283.5
(69.5102,9.87651)
Yellow line x y coordinates: 
(-13.5834,0.707589)
(8.30705,1.68969)
(30.4828,3.80378)
(50.2057,6.65096)
(70.6653,10.6557)
(93.2379,16.1865)
42["steer",{"mpc_x":[0.0,0.0,0.0,0.0,0.0,0.0,-14.7385611190234,7.15193867326649,29.3277064497002,49.0506139186428,69.5102259417742],"mpc_y":[0.0,0.0,0.0,0.0,0.0,0.0,-0.0716205414890138,0.910480755098332,3.02456714051085,5.87174817822627,9.87651451035308],"next_x":[-13.583449116924,8.30705067536586,30.4828184517995,50.2057259207422,70.6653379438736,93.2379487433265],"next_y":[0.707588646628173,1.68968994321552,3.80377632862804,6.65095736634345,10.6557236984703,16.1864827409544],"steering_angle":-0.0,"throttle":1.0}]
42["telemetry",{"ptsx":[-43.49173,-61.09,-78.29172,-93.05002,-107.7717,-123.3917],"ptsy":[105.941,92.88499,78.73102,65.34102,50.57938,33.37102],"psi_unity":4.118997,"psi":3.734985,"x":-60.02957,"y":95.62951,"steering_angle":0,"throttle":1,"speed":31.84177}]
Checkpoint #1
Cost 177303
Printing first mpc.Solve values: 
vars[0] = -61.3495
vars[1] = 94.7393
vars[2] = 3.73498
vars[3] = 31.8918
vars[4] = -94.8031
vars[5] = 3.80803
vars[6] = 0
vars[7] = 1
steer_value: -0
throttle_value: 1
Green line x y coordinates: 
Cost 13759.6
(-20.7965,-0.19141)
Cost 13296.3
(1.0939,0.792114)
Cost 12866.8
(23.2695,2.90764)
Cost 12515.2
(42.9923,5.7561)
Cost 12156
(63.4516,9.7622)
Yellow line x y coordinates: 
(-19.4766,0.698848)
(2.41382,1.68237)
(24.5894,3.7979)
(44.3122,6.64636)
(64.7715,10.6525)
(87.3438,16.1847)
42["steer",{"mpc_x":[0.0,0.0,0.0,0.0,0.0,0.0,-20.7965350957765,1.09390081368543,23.2695311276578,42.9922534881685,63.4516051582676],"mpc_y":[0.0,0.0,0.0,0.0,0.0,0.0,-0.191410321209338,0.792113855788822,2.90764166163979,5.75610468232512,9.76220088077244],"next_x":[-19.476616461771,2.4138194476909,24.5894497616633,44.312172122174,64.7715237922731,87.3437750447038],"next_y":[0.69884840042017,1.68237257741833,3.7979003832693,6.64636340395463,10.652459602402,16.1846858529033],"steering_angle":-0.0,"throttle":1.0}]
42["telemetry",{"ptsx":[-61.09,-78.29172,-93.05002,-107.7717,-123.3917,-134.97],"ptsy":[92.88499,78.73102,65.34102,50.57938,33.37102,18.404],"psi_unity":4.119159,"psi":3.734823,"x":-66.07523,"y":91.54156,"steering_angle":0,"throttle":1,"speed":35.9738}]
Checkpoint #1
Cost 172868
Printing first mpc.Solve values: 
vars[0] = -67.5666
vars[1] = 90.536
vars[2] = 3.73482
vars[3] = 36.0238
vars[4] = -93.5803
vars[5] = 3.71226
vars[6] = 0
vars[7] = 1
steer_value: -0
throttle_value: 1
Green line x y coordinates: 
Cost 12457.5
(-6.37585,0.66752)
Cost 12135.9
(15.7994,2.78664)
Cost 11727.7
(35.5217,5.6383)
Cost 11248.4
(55.9804,9.64771)
Cost 10798.3
(78.5518,15.1836)
Yellow line x y coordinates: 
(-4.88448,1.67306)
(17.2908,3.79218)
(37.0131,6.64384)
(57.4718,10.6533)
(80.0431,16.1891)
(98.0103,22.1261)
42["steer",{"mpc_x":[0.0,0.0,0.0,0.0,0.0,0.0,-6.37584762992959,15.7994396775511,35.5217003282529,55.9804027423031,78.5517574778922],"mpc_y":[0.0,0.0,0.0,0.0,0.0,0.0,0.667520431578341,2.78664066176451,5.63829872608073,9.64770928691612,15.1835921695105],"next_x":[-4.88448340792973,17.290803899551,37.0130645502528,57.4717669643029,80.043121699892,98.0103409410568],"next_y":[1.67306430105335,3.79218453123952,6.64384259555574,10.6532531563911,16.1891360389855,22.1261177056505],"steering_angle":-0.0,"throttle":1.0}]
42["telemetry",{"ptsx":[-61.09,-78.29172,-93.05002,-107.7717,-123.3917,-134.97],"ptsy":[92.88499,78.73102,65.34102,50.57938,33.37102,18.404],"psi_unity":4.118273,"psi":3.735709,"x":-72.83546,"y":86.96802,"steering_angle":0,"throttle":1,"speed":39.90326}]
Checkpoint #1
Cost 149873
Printing first mpc.Solve values: 
vars[0] = -74.4887
vars[1] = 85.8512
vars[2] = 3.73571
vars[3] = 39.9533
vars[4] = -89.0296
vars[5] = 3.71369
vars[6] = 0
vars[7] = 1
steer_value: -0
throttle_value: 1
Green line x y coordinates: 
Cost 11950.5
(-14.6983,0.554931)
Cost 11569.6
(7.4789,2.6544)
Cost 11091.1
(27.2037,5.48859)
Cost 10529.2
(47.6659,9.47987)
Cost 9991.38
(70.2422,14.9958)
Yellow line x y coordinates: 
(-13.045,1.67178)
(9.13218,3.77125)
(28.857,6.60543)
(49.3192,10.5967)
(71.8955,16.1126)
(89.8679,22.0337)
42["steer",{"mpc_x":[0.0,0.0,0.0,0.0,0.0,0.0,-14.698259710232,7.47889643377172,27.2036759122406,47.6659226335836,70.2421733015539],"mpc_y":[0.0,0.0,0.0,0.0,0.0,0.0,0.554930903776187,2.65440300022804,5.48858602462388,9.47986860380643,14.9957510958987],"next_x":[-13.0449809166594,9.13217522734424,28.8569547058131,49.3192014271561,71.8954520951265,89.8679244492626],"next_y":[1.67177674241839,3.77124883887024,6.60543186326609,10.5967144424486,16.1125969345409,22.0336573167877],"steering_angle":-0.0,"throttle":1.0}]
42["telemetry",{"ptsx":[-61.09,-78.29172,-93.05002,-107.7717,-123.3917,-134.97],"ptsy":[92.88499,78.73102,65.34102,50.57938,33.37102,18.404],"psi_unity":4.108993,"psi":3.744989,"x":-79.28333,"y":82.55692,"steering_angle":0,"throttle":1,"speed":43.0474}]
Checkpoint #1
Cost 127062
Printing first mpc.Solve values: 
vars[0] = -81.0556
vars[1] = 81.3356
vars[2] = 3.74499
vars[3] = 43.0974
vars[4] = -83.9973
vars[5] = 3.7326
vars[6] = 0
vars[7] = 1
steer_value: -0
throttle_value: 1
Green line x y coordinates: 
Cost 12158
(-22.6135,0.598051)
Cost 11705.8
(-0.417817,2.49163)
Cost 11141.6
(19.3324,5.14265)
Cost 10476.4
(39.8308,8.94387)
Cost 9828.58
(62.4573,14.25)
Yellow line x y coordinates: 
(-20.8412,1.8194)
(1.35447,3.71298)
(21.1047,6.364)
(41.6031,10.1652)
(64.2296,15.4714)
(82.2562,21.2254)
42["steer",{"mpc_x":[0.0,0.0,0.0,0.0,0.0,0.0,-22.6135008387652,-0.417816797096222,19.3324141952083,39.8308184056128,62.4572836201005],"mpc_y":[0.0,0.0,0.0,0.0,0.0,0.0,0.598051313193646,2.49163195359496,5.14264961491219,8.94387340980628,14.2500137949805],"next_x":[-20.8412111051436,1.35447293652537,21.1047039288298,41.6031081392344,64.2295733537221,82.2562184848168],"next_y":[1.81939717616592,3.71297781656723,6.36399547788447,10.1652192727786,15.4713596579528,21.2253829363191],"steering_angle":-0.0,"throttle":1.0}]
42["telemetry",{"ptsx":[-78.29172,-93.05002,-107.7717,-123.3917,-134.97,-145.1165],"ptsy":[78.73102,65.34102,50.57938,33.37102,18.404,4.339378],"psi_unity":4.066208,"psi":3.787774,"x":-85.35024,"y":78.05261,"steering_angle":0,"throttle":1,"speed":45.76668}]
Checkpoint #1
Cost 93189.8
Printing first mpc.Solve values: 
vars[0] = -87.1772
vars[1] = 76.6747
vars[2] = 3.78777
vars[3] = 45.8167
vars[4] = -76.124
vars[5] = 3.83235
vars[6] = 0
vars[7] = 1
steer_value: -0
throttle_value: 1
Green line x y coordinates: 
Cost 12971.8
(-7.87092,2.33069)
Cost 12287.2
(11.9746,4.13453)
Cost 11483.1
(32.6169,7.05552)
Cost 10677.6
(55.4496,11.389)
Cost 9831.06
(73.7058,16.3667)
Yellow line x y coordinates: 
(-6.04394,3.7086)
(13.8016,5.51243)
(34.4438,8.43342)
(57.2765,12.7669)
(75.5328,17.7447)
(92.1026,22.8641)
42["steer",{"mpc_x":[0.0,0.0,0.0,0.0,0.0,0.0,-7.87092446251622,11.974621522085,32.6168525993791,55.4495654240518,73.7058244615065],"mpc_y":[0.0,0.0,0.0,0.0,0.0,0.0,2.33069442117188,4.13453018505964,7.05551865877753,11.3890252014776,16.3667480270028],"next_x":[-6.04394380088436,13.8016021837168,34.4438332610109,57.2765460856837,75.5328051231384,92.1025590448226],"next_y":[3.70859650680033,5.51243227068808,8.43342074440598,12.766927287106,17.7446501126312,22.8640552760964],"steering_angle":-0.0,"throttle":1.0}]
42["telemetry",{"ptsx":[-78.29172,-93.05002,-107.7717,-123.3917,-134.97,-145.1165],"ptsy":[78.73102,65.34102,50.57938,33.37102,18.404,4.339378],"psi_unity":4.069206,"psi":3.784776,"x":-92.33212,"y":72.63602,"steering_angle":0,"throttle":1,"speed":47.5193}]
Checkpoint #1
Cost 78675.7
Printing first mpc.Solve values: 
vars[0] = -94.2333
vars[1] = 71.211
vars[2] = 3.78478
vars[3] = 47.5693
vars[4] = -71.2384
vars[5] = 3.82446
vars[6] = 0
vars[7] = 1
steer_value: -0
throttle_value: 1
Green line x y coordinates: 
Cost 13192.4
(-16.7917,2.11853)
Cost 12462.4
(3.04838,3.98186)
Cost 11604.8
(23.6818,6.96472)
Cost 10740.5
(46.5014,11.3667)
Cost 9840.64
(64.7426,16.3991)
Yellow line x y coordinates: 
(-14.8904,3.54351)
(4.9496,5.40683)
(25.583,8.38969)
(48.4026,12.7916)
(66.6439,17.8241)
(83.1982,22.9931)
42["steer",{"mpc_x":[0.0,0.0,0.0,0.0,0.0,0.0,-16.7916716448794,3.04837726234608,23.6817584631559,46.5013768444952,64.7426306476707],"mpc_y":[0.0,0.0,0.0,0.0,0.0,0.0,2.11853362093861,3.98185813612632,6.9647187989914,11.3666582374255,16.3990908756765],"next_x":[-14.89044674547,4.9496021617555,25.5829833625653,48.4026017439046,66.6438555470802,83.1981870506241],"next_y":[3.54350855513592,5.40683307032363,8.38969373318871,12.7916331716228,17.8240658098738,22.9931240145816],"steering_angle":-0.0,"throttle":1.0}]
42["telemetry",{"ptsx":[-93.05002,-107.7717,-123.3917,-134.97,-145.1165,-158.3417],"ptsy":[65.34102,50.57938,33.37102,18.404,4.339378,-17.42898],"psi_unity":4.026428,"psi":3.827554,"x":-99.36603,"y":67.14592,"steering_angle":0,"throttle":1,"speed":48.99139}]
Checkpoint #1
Cost 53147.3
Printing first mpc.Solve values: 
vars[0] = -101.262
vars[1] = 65.5943
vars[2] = 3.82755
vars[3] = 49.0414
vars[4] = -62.2862
vars[5] = 3.89926
vars[6] = 0
vars[7] = 1
steer_value: -0
throttle_value: 1
Green line x y coordinates: 
Cost 13978.2
(-5.63964,3.84572)
Cost 12998.4
(15.1024,5.94347)
Cost 11985.8
(38.0894,9.3655)
Cost 10910.7
(56.5292,13.6132)
Cost 10150.1
(73.2894,18.0696)
Yellow line x y coordinates: 
(-3.74414,5.39732)
(16.9979,7.49507)
(39.9849,10.9171)
(58.4247,15.1648)
(75.1849,19.6212)
(99.2072,28.0887)
42["steer",{"mpc_x":[0.0,0.0,0.0,0.0,0.0,0.0,-5.63964249348422,15.1024243826921,38.0894152229557,56.529192964894,73.2894344558051],"mpc_y":[0.0,0.0,0.0,0.0,0.0,0.0,3.84572045084991,5.94346667387809,9.36549911078396,13.6132414991969,18.0696256185503],"next_x":[-3.74413996395427,16.997926912222,39.9849177524857,58.4246954944239,75.184936985335,99.2071876921726],"next_y":[5.39731991458913,7.49506613761731,10.9170985745232,15.1648409629361,19.6212250822895,28.0887392413569],"steering_angle":-0.0,"throttle":1.0}]
42["telemetry",{"ptsx":[-93.05002,-107.7717,-123.3917,-134.97,-145.1165,-158.3417],"ptsy":[65.34102,50.57938,33.37102,18.404,4.339378,-17.42898],"psi_unity":3.988854,"psi":3.865128,"x":-106.1792,"y":61.17303,"steering_angle":0,"throttle":1,"speed":51.96189}]
Checkpoint #1
Cost 32673.1
Printing first mpc.Solve values: 
vars[0] = -108.126
vars[1] = 59.453
vars[2] = 3.86513
vars[3] = 51.9119
vars[4] = -52.7608
vars[5] = 3.98
vars[6] = 0
vars[7] = -1
steer_value: -0
throttle_value: -1
Green line x y coordinates: 
Cost 17278.6
(-14.5465,3.8482)
Cost 16094.9
(6.25974,5.16529)
Cost 14872
(29.3591,7.72139)
Cost 13573.8
(47.9454,11.2734)
Cost 12642.9
(64.8612,15.0971)
Yellow line x y coordinates: 
(-12.5993,5.56824)
(8.20693,6.88533)
(31.3062,9.44143)
(49.8926,12.9935)
(66.8084,16.8171)
(91.1318,24.3763)
42["steer",{"mpc_x":[0.0,0.0,0.0,0.0,0.0,0.0,-14.5464881663343,6.25974072189204,29.3590560854166,47.9453857891341,64.8612023514702],"mpc_y":[0.0,0.0,0.0,0.0,0.0,0.0,3.84820043420504,5.16528697757864,7.72139410092841,11.2734451584313,15.0970827304666],"next_x":[-12.5992945867437,8.20693430148259,31.3062496650071,49.8925793687247,66.8083959310607,91.1317747796409],"next_y":[5.56823886241867,6.88532540579227,9.44143252914204,12.9934835866449,16.8171211586803,24.3762591018989],"steering_angle":-0.0,"throttle":-1.0}]
42["telemetry",{"ptsx":[-107.7717,-123.3917,-134.97,-145.1165,-158.3417,-164.3164],"ptsy":[50.57938,33.37102,18.404,4.339378,-17.42898,-30.18062],"psi_unity":3.966952,"psi":3.88703,"x":-112.4458,"y":55.40733,"steering_angle":0,"throttle":1,"speed":53.1965}]
Checkpoint #1
Cost 53466.7
Printing first mpc.Solve values: 
vars[0] = -114.4
vars[1] = 53.6032
vars[2] = 3.88703
vars[3] = 53.1465
vars[4] = -58.6618
vars[5] = 3.72548
vars[6] = 0
vars[7] = -1
steer_value: -0
throttle_value: -1
Green line x y coordinates: 
Cost 18283.7
(-2.11414,4.9138)
Cost 17687.9
(21.0356,6.96342)
Cost 16437.9
(39.6953,10.1076)
Cost 15402.9
(56.6908,13.5598)
Cost 13662.5
(81.1739,20.5845)
Yellow line x y coordinates: 
(-0.159722,6.71795)
(22.99,8.76756)
(41.6497,11.9117)
(58.6452,15.364)
(83.1283,22.3886)
(96.1678,27.7058)
42["steer",{"mpc_x":[0.0,0.0,0.0,0.0,0.0,0.0,-2.11413864012454,21.0356159841895,39.6952787597649,56.6907768608076,81.1738690123917],"mpc_y":[0.0,0.0,0.0,0.0,0.0,0.0,4.91380487378015,6.96341818454219,10.1075720726661,13.5598319919565,20.5844689045095],"next_x":[-0.159722307956654,22.9900323163573,41.6496950919328,58.6451931929754,83.1282853445596,96.1677941954858],"next_y":[6.71794617400594,8.76755948476798,11.9117133728919,15.3639732921823,22.3886102047353,27.7058060546376],"steering_angle":-0.0,"throttle":-1.0}]
42["telemetry",{"ptsx":[-107.7717,-123.3917,-134.97,-145.1165,-158.3417,-164.3164],"ptsy":[50.57938,33.37102,18.404,4.339378,-17.42898,-30.18062],"psi_unity":3.908758,"psi":3.945224,"x":-118.5713,"y":49.18508,"steering_angle":0,"throttle":0,"speed":41.95164}]
Checkpoint #1
Cost 23851.6
Printing first mpc.Solve values: 
vars[0] = -120.027
vars[1] = 47.6751
vars[2] = 3.94522
vars[3] = 42.0016
vars[4] = -44.2638
vars[5] = 3.87755
vars[6] = 0
vars[7] = 1
steer_value: -0
throttle_value: 1
Green line x y coordinates: 
Cost 10735.5
(-9.95563,5.29664)
Cost 10287.3
(13.2741,5.99637)
Cost 9344.32
(32.0851,8.04993)
Cost 8634.86
(49.2526,10.5079)
Cost 7449.27
(74.1028,16.0967)
Yellow line x y coordinates: 
(-8.4997,6.80665)
(14.7301,7.50638)
(33.541,9.55994)
(50.7085,12.0179)
(75.5587,17.6067)
(88.8854,22.1565)
42["steer",{"mpc_x":[0.0,0.0,0.0,0.0,0.0,0.0,-9.95562785871874,13.2741469094306,32.085090374034,49.2526060544544,74.1028144266165],"mpc_y":[0.0,0.0,0.0,0.0,0.0,0.0,5.2966407092636,5.99636787798748,8.04993174159064,10.5078698236839,16.0966504524336],"next_x":[-8.4997021643583,14.7300726037911,33.5410160683944,50.7085317488148,75.5587401209769,88.8854300583411],"next_y":[6.80665084804581,7.50637801676969,9.55994188037286,12.0178799624661,17.6066605912158,22.1564625751441],"steering_angle":-0.0,"throttle":1.0}]
42["telemetry",{"ptsx":[-107.7717,-123.3917,-134.97,-145.1165,-158.3417,-164.3164],"ptsy":[50.57938,33.37102,18.404,4.339378,-17.42898,-30.18062],"psi_unity":3.899101,"psi":3.954881,"x":-123.0142,"y":44.49614,"steering_angle":0,"throttle":1,"speed":34.44596}]
Checkpoint #1
Cost 18180.2
Printing first mpc.Solve values: 
vars[0] = -124.198
vars[1] = 43.2448
vars[2] = 3.95488
vars[3] = 34.496
vars[4] = -37.9126
vars[5] = 3.90618
vars[6] = 0
vars[7] = 1
steer_value: -0
throttle_value: 1
Green line x y coordinates: 
Cost 8476.37
(-16.0765,5.64324)
Cost 8165.3
(7.15893,6.11861)
Cost 7458.88
(25.9888,7.99042)
Cost 6960.1
(43.1793,10.2825)
Cost 6125.16
(68.0823,15.631)
Yellow line x y coordinates: 
(-14.8931,6.89457)
(8.34235,7.36994)
(27.1722,9.24176)
(44.3627,11.5338)
(69.2657,16.8823)
(82.6357,21.3032)
42["steer",{"mpc_x":[0.0,0.0,0.0,0.0,0.0,0.0,-16.0765147398694,7.1589340198481,25.9888313170826,43.1792824417767,68.0823021026088],"mpc_y":[0.0,0.0,0.0,0.0,0.0,0.0,5.64323708919117,6.11860518250805,7.99041883402402,10.2824581841196,15.6310034843273],"next_x":[-14.8931013902896,8.34234736942789,27.1722446666624,44.3626957913565,69.2657154521886,82.6357207413407],"next_y":[6.89457367254528,7.36994176586216,9.24175541737814,11.5337947674738,16.8823400676814,21.3032360569177],"steering_angle":-0.0,"throttle":1.0}]
42["telemetry",{"ptsx":[-107.7717,-123.3917,-134.97,-145.1165,-158.3417,-164.3164],"ptsy":[50.57938,33.37102,18.404,4.339378,-17.42898,-30.18062],"psi_unity":3.897283,"psi":3.956699,"x":-127.8848,"y":39.33205,"steering_angle":0,"throttle":1,"speed":37.84359}]
Checkpoint #1
Cost 10723.6
Printing first mpc.Solve values: 
vars[0] = -129.182
vars[1] = 37.9549
vars[2] = 3.9567
vars[3] = 37.8936
vars[4] = -32.5211
vars[5] = 3.91586
vars[6] = 0
vars[7] = 1
steer_value: -0
throttle_value: 1
Green line x y coordinates: 
Cost 8705.72
(-23.2768,5.54784)
Cost 8332.85
(-0.0405383,5.98097)
Cost 7521.46
(18.7927,7.81854)
Cost 6934.79
(35.9873,10.0793)
Cost 5956.35
(60.9,15.3826)
Yellow line x y coordinates: 
(-21.9792,6.92497)
(1.2571,7.35809)
(20.0904,9.19567)
(37.285,11.4565)
(62.1977,16.7597)
(75.5757,21.1563)
42["steer",{"mpc_x":[0.0,0.0,0.0,0.0,0.0,0.0,-23.2768128890214,-0.0405383085954611,18.7927308264188,35.9873204680775,60.9000226251365],"mpc_y":[0.0,0.0,0.0,0.0,0.0,0.0,5.547841558338,5.98096684350388,7.81854466730347,10.0793280067337,15.3825908033369],"next_x":[-21.9791732202363,1.2571013601897,20.0903704952039,37.2849601368627,62.1976622939216,75.5756826727982],"next_y":[6.92496702474089,7.35809230990677,9.19567013370637,11.4564534731366,16.7597162697398,21.1562982969472],"steering_angle":-0.0,"throttle":1.0}]
42["telemetry",{"ptsx":[-123.3917,-134.97,-145.1165,-158.3417,-164.3164,-169.3365],"ptsy":[33.37102,18.404,4.339378,-17.42898,-30.18062,-42.84062],"psi_unity":3.897007,"psi":3.956975,"x":-132.9862,"y":33.91671,"steering_angle":0,"throttle":1,"speed":41.22016}]
Checkpoint #1
Cost 81134.6
Printing first mpc.Solve values: 
vars[0] = -134.399
vars[1] = 32.4163
vars[2] = 3.95697
vars[3] = 41.2702
vars[4] = -61.167
vars[5] = 3.36086
vars[6] = 0
vars[7] = 1
steer_value: -0
throttle_value: 1
Green line x y coordinates: 
Cost 11186.1
(-7.59365,5.85841)
Cost 11045.3
(11.2401,7.69079)
Cost 10604.6
(28.4353,9.94683)
Cost 9413.26
(53.3495,15.2432)
Cost 8478.29
(66.7287,19.6361)
Yellow line x y coordinates: 
(-6.18064,7.3588)
(12.6531,9.19118)
(29.8483,11.4472)
(54.7625,16.7436)
(68.1417,21.1365)
(80.7998,26.1615)
42["steer",{"mpc_x":[0.0,0.0,0.0,0.0,0.0,0.0,-7.59364524172873,11.2401303474369,28.4353433103819,53.3495082190791,66.7287415450377],"mpc_y":[0.0,0.0,0.0,0.0,0.0,0.0,5.85840981397724,7.69078958557189,9.94682713221258,15.243213821117,19.6361033472897],"next_x":[-6.18063856078397,12.6531370283816,29.8483499913266,54.7625149000239,68.1417482259825,80.7998044418321],"next_y":[7.35879846218458,9.19117823377924,11.4472157804199,16.7436024693244,21.136491995497,26.1614911841925],"steering_angle":-0.0,"throttle":1.0}]
42["telemetry",{"ptsx":[-123.3917,-134.97,-145.1165,-158.3417,-164.3164,-169.3365],"ptsy":[33.37102,18.404,4.339378,-17.42898,-30.18062,-42.84062],"psi_unity":3.896952,"psi":3.957029,"x":-138.785,"y":27.75911,"steering_angle":0,"throttle":1,"speed":44.60296}]
Checkpoint #1
Cost 59143.2
Printing first mpc.Solve values: 
vars[0] = -140.314
vars[1] = 26.1355
vars[2] = 3.95703
vars[3] = 44.553
vars[4] = -53.3063
vars[5] = 3.37919
vars[6] = 0
vars[7] = -1
steer_value: -0
throttle_value: -1
Green line x y coordinates: 
Cost 11892.1
(-16.1674,5.73585)
Cost 11755.7
(2.6665,7.56721)
Cost 11260.1
(19.8618,9.82232)
Cost 9890.38
(44.7763,15.1174)
Cost 8812.79
(58.1558,19.5095)
Yellow line x y coordinates: 
(-14.6385,7.35945)
(4.19538,9.19082)
(21.3907,11.4459)
(46.3052,16.741)
(59.6846,21.1331)
(72.343,26.1575)
42["steer",{"mpc_x":[0.0,0.0,0.0,0.0,0.0,0.0,-16.1673783451063,2.6664961651073,19.8618309290091,44.7762818062626,58.1557523287486],"mpc_y":[0.0,0.0,0.0,0.0,0.0,0.0,5.73585185374949,7.56721459879122,9.82232360064306,15.117364916921,19.5095319580895],"next_x":[-14.6384986269737,4.19537588323993,21.3907106471418,46.3051615243952,59.6846320468812,72.3429595942314],"next_y":[7.3594549177361,9.19081766277782,11.4459266646297,16.7409679809076,21.1331350220761,26.1574506684099],"steering_angle":-0.0,"throttle":-1.0}]
42["telemetry",{"ptsx":[-134.97,-145.1165,-158.3417,-164.3164,-169.3365,-175.4917],"ptsy":[18.404,4.339378,-17.42898,-30.18062,-42.84062,-66.52898],"psi_unity":3.896941,"psi":3.95704,"x":-144.4435,"y":21.75006,"steering_angle":0,"throttle":1,"speed":47.54686}]
Checkpoint #1
Cost 31255.2
Printing first mpc.Solve values: 
vars[0] = -146.073
vars[1] = 20.0193
vars[2] = 3.95704
vars[3] = 47.4969
vars[4] = -41.4119
vars[5] = 3.4491
vars[6] = 0
vars[7] = -1
steer_value: -0
throttle_value: -1
Green line x y coordinates: 
Cost 12743.9
(-5.68822,7.4601)
Cost 12085.4
(11.5071,9.71502)
Cost 10486.7
(36.4216,15.0098)
Cost 9274.23
(49.8012,19.4018)
Cost 8188.53
(62.4596,24.426)
Yellow line x y coordinates: 
(-4.05845,9.19088)
(13.1369,11.4458)
(38.0514,16.7406)
(51.4309,21.1326)
(64.0893,26.1568)
(85.5549,37.915)
42["steer",{"mpc_x":[0.0,0.0,0.0,0.0,0.0,0.0,-5.68821993506821,11.5071396339923,36.4216487551929,49.8011675907069,62.4595504047634],"mpc_y":[0.0,0.0,0.0,0.0,0.0,0.0,7.46009910456527,9.71501895759828,15.0097862145962,19.4018060813233,24.42598248575],"next_x":[-4.05844960724714,13.1369099618134,38.051419083014,51.430937918528,64.0893207325845,85.5548659648018],"next_y":[9.19088170737909,11.4458015604121,16.74056881741,21.1325886841371,26.1567650885638,37.9149645431247],"steering_angle":-0.0,"throttle":-1.0}]
